WARNING:werkzeug: * Debugger is active!
INFO:werkzeug: * Debugger PIN: 278-925-464
INFO:werkzeug: * Detected change in 'C:\\Users\\hemas\\OneDrive\\Desktop\\22f2000270\\main.py', reloading
WARNING:werkzeug: * Debugger is active!
INFO:werkzeug: * Debugger PIN: 278-925-464
INFO:werkzeug:[31m[1mWARNING: This is a development server. Do not use it in a production deployment. Use a production WSGI server instead.[0m
 * Running on http://127.0.0.1:5000
INFO:werkzeug:[33mPress CTRL+C to quit[0m
INFO:werkzeug: * Restarting with stat
WARNING:werkzeug: * Debugger is active!
INFO:werkzeug: * Debugger PIN: 278-925-464
INFO:werkzeug:127.0.0.1 - - [26/Jun/2024 21:57:15] "GET / HTTP/1.1" 200 -
INFO:werkzeug:127.0.0.1 - - [26/Jun/2024 21:57:15] "[36mGET /static/styles.css HTTP/1.1[0m" 304 -
INFO:werkzeug:[31m[1mWARNING: This is a development server. Do not use it in a production deployment. Use a production WSGI server instead.[0m
 * Running on http://127.0.0.1:5000
INFO:werkzeug:[33mPress CTRL+C to quit[0m
INFO:werkzeug: * Restarting with stat
WARNING:werkzeug: * Debugger is active!
INFO:werkzeug: * Debugger PIN: 278-925-464
INFO:werkzeug:[31m[1mWARNING: This is a development server. Do not use it in a production deployment. Use a production WSGI server instead.[0m
 * Running on http://127.0.0.1:5000
INFO:werkzeug:[33mPress CTRL+C to quit[0m
INFO:werkzeug: * Restarting with stat
WARNING:werkzeug: * Debugger is active!
INFO:werkzeug: * Debugger PIN: 278-925-464
INFO:werkzeug: * Detected change in 'C:\\Users\\hemas\\OneDrive\\Desktop\\22f2000270\\main.py', reloading
INFO:werkzeug: * Restarting with stat
